 2021-08-03 14:52:27,530 : INFO : ***************   TestCase : 'test_connectMYSQL' STARTS    *************
 2021-08-03 14:52:27,530 : INFO : ---------------------------------------------------------------------
 2021-08-03 14:52:27,531 : INFO : Trying to connect to the MYSQL server 
 2021-08-03 14:52:27,534 : INFO : MYSQL server : localhost
 2021-08-03 14:52:27,534 : INFO : User : root
 2021-08-03 14:52:27,534 : INFO : Password : freebsd
 2021-08-03 14:52:27,534 : INFO : database : PythonAutomation
 2021-08-03 14:52:27,567 : INFO : True
 2021-08-03 14:52:27,568 : INFO : Running the query on the mysql :  select * from CustomerInfo
 2021-08-03 14:52:27,570 : INFO : Fetching all the data from the table
 2021-08-03 14:52:27,570 : INFO : [('Jmeter', datetime.date(2021, 8, 2), 76, 'UK'), ('selenium', datetime.date(2021, 8, 2), 120, 'Africa'), ('Protractor', datetime.date(2021, 8, 2), 45, 'Africa'), ('Appium', datetime.date(2021, 8, 2), 99, 'Asia')]
 2021-08-03 14:52:27,570 : INFO : ===== printing in list form=====
 2021-08-03 14:52:27,570 : INFO : ('Jmeter', datetime.date(2021, 8, 2), 76, 'UK')
 2021-08-03 14:52:27,570 : INFO : ('selenium', datetime.date(2021, 8, 2), 120, 'Africa')
 2021-08-03 14:52:27,570 : INFO : ('Protractor', datetime.date(2021, 8, 2), 45, 'Africa')
 2021-08-03 14:52:27,571 : INFO : ('Appium', datetime.date(2021, 8, 2), 99, 'Asia')
 2021-08-03 14:52:27,571 : INFO : Adding all the amount values...... 
 2021-08-03 14:52:27,571 : INFO : Total sum is : 340 
 2021-08-03 14:52:27,571 : INFO :                            
 2021-08-03 14:52:27,572 : INFO : ***********************       TEST END         ***********************
 2021-08-03 14:52:27,572 : INFO : ----------------------------------------------------------------------
