 2021-07-29 10:21:26,531 : INFO : ***************   TestCase : 'test_postFileUploadTC1' STARTS    *************
 2021-07-29 10:21:26,538 : INFO : ---------------------------------------------------------------------
 2021-07-29 10:21:26,538 : INFO : ===== Start 'POST' method testing for file upload
 2021-07-29 10:21:26,538 : INFO : testing for url http://httpbin.org/post
 2021-07-29 10:21:27,054 : INFO : ====Files content before upload====
 2021-07-29 10:21:27,054 : INFO : {}
 2021-07-29 10:21:27,054 : INFO : ===== JSON response========
 2021-07-29 10:21:27,054 : INFO : {'args': {}, 'data': '', 'files': {}, 'form': {}, 'headers': {'Accept': '*/*', 'Accept-Encoding': 'gzip, deflate', 'Content-Length': '0', 'Host': 'httpbin.org', 'User-Agent': 'python-requests/2.25.1', 'X-Amzn-Trace-Id': 'Root=1-610233c7-67d6719977b8e2753eb02eea'}, 'json': None, 'origin': '122.181.217.16', 'url': 'http://httpbin.org/post'}
 2021-07-29 10:21:27,054 : INFO : File to upload is  {'file': <_io.BufferedReader name='kkk.txt'>}
 2021-07-29 10:21:27,539 : INFO : 200
 2021-07-29 10:21:27,539 : INFO : ====Files content after upload====
 2021-07-29 10:21:27,539 : INFO : {'file': 'API testing:\r\n\r\n\r\n1. use pytest marks\r\n\r\n@pytest.mark.httpGET\r\n@pytest.mark.APITests\r\n\r\n\r\nAll GET requests --- > APIValidationsGET.py\r\n\r\n'}
 2021-07-29 10:21:27,539 : INFO : ===== JSON response========
 2021-07-29 10:21:27,539 : INFO : {'args': {}, 'data': '', 'files': {'file': 'API testing:\r\n\r\n\r\n1. use pytest marks\r\n\r\n@pytest.mark.httpGET\r\n@pytest.mark.APITests\r\n\r\n\r\nAll GET requests --- > APIValidationsGET.py\r\n\r\n'}, 'form': {}, 'headers': {'Accept': '*/*', 'Accept-Encoding': 'gzip, deflate', 'Content-Length': '280', 'Content-Type': 'multipart/form-data; boundary=dc75f46cbbc85fe59fe9fc693f2e6a9e', 'Host': 'httpbin.org', 'User-Agent': 'python-requests/2.25.1', 'X-Amzn-Trace-Id': 'Root=1-610233c7-339591527ca7e8a70a1c068a'}, 'json': None, 'origin': '122.181.217.16', 'url': 'http://httpbin.org/post'}
 2021-07-29 10:21:27,539 : INFO : File upload was successful
 2021-07-29 10:21:27,539 : INFO : ==== TEST CASE PASSED====
 2021-07-29 10:21:27,539 : INFO :                            
 2021-07-29 10:21:27,539 : INFO : ***********************       TEST END         ***********************
 2021-07-29 10:21:27,539 : INFO : ----------------------------------------------------------------------
 2021-07-29 10:21:27,539 : INFO :                            
