 2021-07-29 10:18:36,051 : INFO : ******************      TestCase : 'test_postReqP1' STARTS       ****************
 2021-07-29 10:18:36,051 : INFO : ---------------------------------------------------------------------
 2021-07-29 10:18:36,051 : INFO : ===== Start 'POST' method testing
 2021-07-29 10:18:36,051 : INFO : testing for url https://reqres.in/api/users
 2021-07-29 10:18:36,051 : INFO : posting data for url : {
"name": "ABC",
"job": "leader"
}
 2021-07-29 10:18:36,690 : INFO : 201
 2021-07-29 10:18:36,690 : INFO : The JSON response====
 2021-07-29 10:18:36,690 : INFO : {'id': '814', 'createdAt': '2021-07-29T04:48:29.041Z'}
 2021-07-29 10:18:36,690 : INFO : ===Test again with different data===
 2021-07-29 10:18:36,690 : INFO : posting data for url : {
"name": "XYZ",
"job": "leader123"
}
 2021-07-29 10:18:37,090 : INFO : 201
 2021-07-29 10:18:37,090 : INFO : Data response====
 2021-07-29 10:18:37,090 : INFO : {'id': '721', 'createdAt': '2021-07-29T04:48:29.446Z'}
 2021-07-29 10:18:37,090 : INFO : ***********************       TEST END         ***********************
 2021-07-29 10:18:37,090 : INFO : ----------------------------------------------------------------------
 2021-07-29 10:18:37,106 : INFO : ******************      TestCase : 'test_postReqP2' STARTS       ****************
 2021-07-29 10:18:37,106 : INFO : ---------------------------------------------------------------------
 2021-07-29 10:18:37,106 : INFO : ===== Start 'POST' method testing
 2021-07-29 10:18:37,106 : INFO : testing for url https://reqres.in/api/users
 2021-07-29 10:18:37,106 : INFO : testing for url C:\\Users\\shubhav\\PycharmProjects\\APITesting\\PayloadFile.json
 2021-07-29 10:18:37,106 : INFO : -------------------------------
 2021-07-29 10:18:37,106 : INFO : {
	"name": "XYZ",
        "job": "leader123"
}
 2021-07-29 10:18:37,475 : INFO : 201
 2021-07-29 10:18:37,475 : INFO : {'name': 'XYZ', 'job': 'leader123', 'id': '49', 'createdAt': '2021-07-29T04:48:29.834Z'}
 2021-07-29 10:18:37,491 : INFO : ***********************       TEST END         ***********************
 2021-07-29 10:18:37,491 : INFO : ----------------------------------------------------------------------
 2021-07-29 10:18:37,491 : INFO : ******************      TestCase : 'test_postReqP3' STARTS       ****************
 2021-07-29 10:18:37,491 : INFO : ---------------------------------------------------------------------
 2021-07-29 10:18:37,491 : INFO : ===== Start  'GET' method testing
 2021-07-29 10:18:37,491 : INFO : testing for url https://reqres.in/api/register
 2021-07-29 10:18:37,506 : INFO : testing data for url {
"email": "eve.holt@reqres.in",
"password": "pistol"
}
 2021-07-29 10:18:37,910 : INFO : <Response [400]>
 2021-07-29 10:18:37,910 : INFO : {'error': 'Missing email or username'}
 2021-07-29 10:18:37,926 : INFO : ***********************       TEST END         ***********************
 2021-07-29 10:18:37,926 : INFO : ----------------------------------------------------------------------
 2021-07-29 10:18:37,926 : INFO : ******************      TestCase : 'test_postFileUploadTC1' STARTS       ****************
 2021-07-29 10:18:37,926 : INFO : ---------------------------------------------------------------------
 2021-07-29 10:18:37,942 : INFO : ===== Start 'POST' method testing for file upload
 2021-07-29 10:18:37,942 : INFO : testing for url http://httpbin.org/post
 2021-07-29 10:18:38,393 : INFO : ====Files content before upload====
 2021-07-29 10:18:38,393 : INFO : {}
 2021-07-29 10:18:38,393 : INFO : ===== JSON response========
 2021-07-29 10:18:38,393 : INFO : {'args': {}, 'data': '', 'files': {}, 'form': {}, 'headers': {'Accept': '*/*', 'Accept-Encoding': 'gzip, deflate', 'Content-Length': '0', 'Host': 'httpbin.org', 'User-Agent': 'python-requests/2.25.1', 'X-Amzn-Trace-Id': 'Root=1-6102331e-2df5ceac32a8a79c0a5b9771'}, 'json': None, 'origin': '122.181.217.16', 'url': 'http://httpbin.org/post'}
 2021-07-29 10:18:38,393 : INFO : File to upload is  {'file': <_io.BufferedReader name='kkk.txt'>}
 2021-07-29 10:18:38,856 : INFO : 200
 2021-07-29 10:18:38,856 : INFO : ====Files content after upload====
 2021-07-29 10:18:38,856 : INFO : {'file': 'API testing:\r\n\r\n\r\n1. use pytest marks\r\n\r\n@pytest.mark.httpGET\r\n@pytest.mark.APITests\r\n\r\n\r\nAll GET requests --- > APIValidationsGET.py\r\n\r\n'}
 2021-07-29 10:18:38,856 : INFO : ===== JSON response========
 2021-07-29 10:18:38,872 : INFO : {'args': {}, 'data': '', 'files': {'file': 'API testing:\r\n\r\n\r\n1. use pytest marks\r\n\r\n@pytest.mark.httpGET\r\n@pytest.mark.APITests\r\n\r\n\r\nAll GET requests --- > APIValidationsGET.py\r\n\r\n'}, 'form': {}, 'headers': {'Accept': '*/*', 'Accept-Encoding': 'gzip, deflate', 'Content-Length': '280', 'Content-Type': 'multipart/form-data; boundary=aabc64686574379b137759d2a2d990db', 'Host': 'httpbin.org', 'User-Agent': 'python-requests/2.25.1', 'X-Amzn-Trace-Id': 'Root=1-6102331f-34983fb2432e08956c8f0620'}, 'json': None, 'origin': '122.181.217.16', 'url': 'http://httpbin.org/post'}
 2021-07-29 10:18:38,872 : INFO : File upload was successful
 2021-07-29 10:18:38,872 : INFO : ==== TEST CASE PASSED====
 2021-07-29 10:18:38,872 : INFO : ***********************       TEST END         ***********************
 2021-07-29 10:18:38,878 : INFO : ----------------------------------------------------------------------
