 2021-07-29 11:28:26,180 : INFO : ***************   TestCase : 'test_postFileUploadTC1' STARTS    *************
 2021-07-29 11:28:26,181 : INFO : ---------------------------------------------------------------------
 2021-07-29 11:28:26,181 : INFO : ===== Start 'POST' method testing for file upload
 2021-07-29 11:28:26,182 : ERROR : Exception occured
 2021-07-29 11:28:26,183 : INFO : No option 'url233' in section: 'test_postFileUploadTC1'
 2021-07-29 11:28:26,183 : INFO : testing for url http://httpbin.org/post
 2021-07-29 11:28:26,670 : INFO : ====Files content before upload====
 2021-07-29 11:28:26,671 : INFO : {}
 2021-07-29 11:28:26,672 : INFO : ===== JSON response========
 2021-07-29 11:28:26,672 : INFO : {'args': {}, 'data': '', 'files': {}, 'form': {}, 'headers': {'Accept': '*/*', 'Accept-Encoding': 'gzip, deflate', 'Content-Length': '0', 'Host': 'httpbin.org', 'User-Agent': 'python-requests/2.25.1', 'X-Amzn-Trace-Id': 'Root=1-6102437b-0646afed0f621a64680e964c'}, 'json': None, 'origin': '122.181.217.16', 'url': 'http://httpbin.org/post'}
 2021-07-29 11:28:26,673 : INFO : File to upload is  {'file': <_io.BufferedReader name='kkk.txt'>}
 2021-07-29 11:28:27,155 : INFO : 200
 2021-07-29 11:28:27,156 : INFO : ====Files content after upload====
 2021-07-29 11:28:27,156 : INFO : {'file': 'API testing:\r\n\r\n\r\n1. use pytest marks\r\n\r\n@pytest.mark.httpGET\r\n@pytest.mark.APITests\r\n\r\n\r\nAll GET requests --- > APIValidationsGET.py\r\n\r\n'}
 2021-07-29 11:28:27,156 : INFO : ===== JSON response========
 2021-07-29 11:28:27,156 : INFO : {'args': {}, 'data': '', 'files': {'file': 'API testing:\r\n\r\n\r\n1. use pytest marks\r\n\r\n@pytest.mark.httpGET\r\n@pytest.mark.APITests\r\n\r\n\r\nAll GET requests --- > APIValidationsGET.py\r\n\r\n'}, 'form': {}, 'headers': {'Accept': '*/*', 'Accept-Encoding': 'gzip, deflate', 'Content-Length': '280', 'Content-Type': 'multipart/form-data; boundary=582214820c564d9683c8c8204f920d66', 'Host': 'httpbin.org', 'User-Agent': 'python-requests/2.25.1', 'X-Amzn-Trace-Id': 'Root=1-6102437b-186ec13e08c9de0634158c9b'}, 'json': None, 'origin': '122.181.217.16', 'url': 'http://httpbin.org/post'}
 2021-07-29 11:28:27,156 : INFO : File upload was successful
 2021-07-29 11:28:27,156 : INFO : ==== TEST CASE PASSED====
 2021-07-29 11:28:27,157 : INFO :                            
 2021-07-29 11:28:27,157 : INFO : ***********************       TEST END         ***********************
 2021-07-29 11:28:27,157 : INFO : ----------------------------------------------------------------------
