 2021-07-29 10:22:36,502 : INFO : ***************   TestCase : 'test_postReqP1' STARTS    *************
 2021-07-29 10:22:36,502 : INFO : ---------------------------------------------------------------------
 2021-07-29 10:22:36,502 : INFO : ===== Start 'POST' method testing
 2021-07-29 10:22:36,502 : INFO : testing for url https://reqres.in/api/users
 2021-07-29 10:22:36,518 : INFO : posting data for url : {
"name": "ABC",
"job": "leader"
}
 2021-07-29 10:22:37,057 : INFO : 201
 2021-07-29 10:22:37,057 : INFO : The JSON response====
 2021-07-29 10:22:37,057 : INFO : {'id': '284', 'createdAt': '2021-07-29T04:52:29.413Z'}
 2021-07-29 10:22:37,057 : INFO : ===Test again with different data===
 2021-07-29 10:22:37,072 : INFO : posting data for url : {
"name": "XYZ",
"job": "leader123"
}
 2021-07-29 10:22:37,473 : INFO : 201
 2021-07-29 10:22:37,473 : INFO : Data response====
 2021-07-29 10:22:37,473 : INFO : {'id': '817', 'createdAt': '2021-07-29T04:52:29.823Z'}
 2021-07-29 10:22:37,473 : INFO :                            
 2021-07-29 10:22:37,473 : INFO : ***********************       TEST END         ***********************
 2021-07-29 10:22:37,473 : INFO : ----------------------------------------------------------------------
 2021-07-29 10:22:37,473 : INFO :                            
 2021-07-29 10:22:37,473 : INFO : ***************   TestCase : 'test_postReqP2' STARTS    *************
 2021-07-29 10:22:37,473 : INFO : ---------------------------------------------------------------------
 2021-07-29 10:22:37,473 : INFO : ===== Start 'POST' method testing
 2021-07-29 10:22:37,489 : INFO : testing for url https://reqres.in/api/users
 2021-07-29 10:22:37,493 : INFO : testing for url C:\\Users\\shubhav\\PycharmProjects\\APITesting\\PayloadFile.json
 2021-07-29 10:22:37,493 : INFO : -------------------------------
 2021-07-29 10:22:37,493 : INFO : {
	"name": "XYZ",
        "job": "leader123"
}
 2021-07-29 10:22:37,949 : INFO : 201
 2021-07-29 10:22:37,949 : INFO : {'name': 'XYZ', 'job': 'leader123', 'id': '30', 'createdAt': '2021-07-29T04:52:30.269Z'}
 2021-07-29 10:22:37,950 : INFO :                            
 2021-07-29 10:22:37,950 : INFO : ***********************       TEST END         ***********************
 2021-07-29 10:22:37,950 : INFO : ----------------------------------------------------------------------
 2021-07-29 10:22:37,950 : INFO :                            
 2021-07-29 10:22:37,953 : INFO : ***************   TestCase : 'test_postReqP3' STARTS    *************
 2021-07-29 10:22:37,953 : INFO : ---------------------------------------------------------------------
 2021-07-29 10:22:37,954 : INFO : ===== Start  'GET' method testing
 2021-07-29 10:22:37,957 : INFO : testing for url https://reqres.in/api/register
 2021-07-29 10:22:37,959 : INFO : testing data for url {
"email": "eve.holt@reqres.in",
"password": "pistol"
}
 2021-07-29 10:22:38,321 : INFO : <Response [400]>
 2021-07-29 10:22:38,321 : INFO : {'error': 'Missing email or username'}
 2021-07-29 10:22:38,321 : INFO :                            
 2021-07-29 10:22:38,321 : INFO : ***********************       TEST END         ***********************
 2021-07-29 10:22:38,321 : INFO : ----------------------------------------------------------------------
 2021-07-29 10:22:38,321 : INFO :                            
